  源.cpp
D:\资料\游戏开发\棋牌游戏改进版4\棋牌游戏改进版4\源.cpp(548,32): warning C4305: “+=”: 从“double”到“float”截断
D:\资料\游戏开发\棋牌游戏改进版4\棋牌游戏改进版4\源.cpp(554,32): warning C4305: “-=”: 从“double”到“float”截断
D:\资料\游戏开发\棋牌游戏改进版4\棋牌游戏改进版4\源.cpp(561,24): warning C4305: “+=”: 从“double”到“float”截断
D:\资料\游戏开发\棋牌游戏改进版4\棋牌游戏改进版4\源.cpp(565,49): warning C4305: “参数”: 从“double”到“float”截断
D:\资料\游戏开发\棋牌游戏改进版4\棋牌游戏改进版4\源.cpp(572,24): warning C4018: “<”: 有符号/无符号不匹配
D:\资料\游戏开发\棋牌游戏改进版4\棋牌游戏改进版4\源.cpp(592,24): warning C4018: “<”: 有符号/无符号不匹配
D:\资料\游戏开发\棋牌游戏改进版4\棋牌游戏改进版4\源.cpp(965,10): warning C4244: “参数”: 从“double”转换到“float”，可能丢失数据
D:\资料\游戏开发\棋牌游戏改进版4\棋牌游戏改进版4\源.cpp(988,8): warning C4018: “<”: 有符号/无符号不匹配
D:\资料\游戏开发\棋牌游戏改进版4\棋牌游戏改进版4\源.cpp(1015,10): warning C4244: “参数”: 从“double”转换到“float”，可能丢失数据
D:\资料\游戏开发\棋牌游戏改进版4\棋牌游戏改进版4\源.cpp(1030,10): warning C4244: “参数”: 从“double”转换到“float”，可能丢失数据
D:\资料\游戏开发\棋牌游戏改进版4\棋牌游戏改进版4\源.cpp(1050,40): warning C4244: “+=”: 从“double”转换到“int”，可能丢失数据
D:\资料\游戏开发\棋牌游戏改进版4\棋牌游戏改进版4\源.cpp(1051,38): warning C4244: “+=”: 从“double”转换到“int”，可能丢失数据
D:\资料\游戏开发\棋牌游戏改进版4\棋牌游戏改进版4\源.cpp(1060,20): warning C4018: “<”: 有符号/无符号不匹配
D:\资料\游戏开发\棋牌游戏改进版4\棋牌游戏改进版4\源.cpp(1579,14): warning C4018: “<”: 有符号/无符号不匹配
D:\资料\游戏开发\棋牌游戏改进版4\棋牌游戏改进版4\源.cpp(1594,17): warning C4018: “<”: 有符号/无符号不匹配
D:\资料\游戏开发\棋牌游戏改进版4\棋牌游戏改进版4\源.cpp(1600,17): warning C4018: “<”: 有符号/无符号不匹配
D:\资料\游戏开发\棋牌游戏改进版4\棋牌游戏改进版4\源.cpp(1623,13): warning C4018: “<”: 有符号/无符号不匹配
D:\资料\游戏开发\棋牌游戏改进版4\棋牌游戏改进版4\源.cpp(1648,13): warning C4018: “<”: 有符号/无符号不匹配
D:\资料\游戏开发\棋牌游戏改进版4\棋牌游戏改进版4\源.cpp(1706,13): warning C4018: “<”: 有符号/无符号不匹配
D:\资料\游戏开发\棋牌游戏改进版4\棋牌游戏改进版4\源.cpp(1718,13): warning C4018: “<”: 有符号/无符号不匹配
D:\资料\游戏开发\棋牌游戏改进版4\棋牌游戏改进版4\源.cpp(1764,15): warning C4018: “<”: 有符号/无符号不匹配
D:\资料\游戏开发\棋牌游戏改进版4\棋牌游戏改进版4\源.cpp(1308,16): warning C4101: “ka_y”: 未引用的局部变量
D:\资料\游戏开发\棋牌游戏改进版4\棋牌游戏改进版4\源.cpp(1308,6): warning C4101: “ka_x”: 未引用的局部变量
  正在生成代码
  Previous IPDB was built with incompatible compiler, fall back to full compilation.
  All 631 functions were compiled because no usable IPDB/IOBJ from previous compilation was found.
  已完成代码的生成
  棋牌游戏改进版4.vcxproj -> D:\资料\游戏开发\棋牌游戏改进版4\Release\棋牌游戏改进版4.exe
